

Microchip Technology PIC LITE Macro Assembler V1.32 build 58300 
                                                                                               Sat Apr 22 22:14:26 2017

Microchip Technology Omniscient Code Generator (Lite mode) build 58300
     1                           	processor	16F877A
     2                           	opt	pw 120
     3                           	opt	lm
     4                           	psect	text0,local,class=CODE,merge=1,delta=2
     5                           	psect	cinit,global,class=CODE,merge=1,delta=2
     6                           	psect	bssCOMMON,global,class=COMMON,space=1,delta=1
     7                           	psect	cstackCOMMON,global,class=COMMON,space=1,delta=1
     8                           	psect	maintext,global,class=CODE,split=1,delta=2
     9                           	psect	text1,local,class=CODE,merge=1,delta=2
    10                           	psect	text2,local,class=CODE,merge=1,delta=2
    11                           	psect	intentry,global,class=CODE,delta=2
    12                           	dabs	1,0x7E,2
    13  0000                     	;# 
    14  0001                     	;# 
    15  0002                     	;# 
    16  0003                     	;# 
    17  0004                     	;# 
    18  0005                     	;# 
    19  0006                     	;# 
    20  0007                     	;# 
    21  0008                     	;# 
    22  0009                     	;# 
    23  000A                     	;# 
    24  000B                     	;# 
    25  000C                     	;# 
    26  000D                     	;# 
    27  000E                     	;# 
    28  000E                     	;# 
    29  000F                     	;# 
    30  0010                     	;# 
    31  0011                     	;# 
    32  0012                     	;# 
    33  0013                     	;# 
    34  0014                     	;# 
    35  0015                     	;# 
    36  0015                     	;# 
    37  0016                     	;# 
    38  0017                     	;# 
    39  0018                     	;# 
    40  0019                     	;# 
    41  001A                     	;# 
    42  001B                     	;# 
    43  001B                     	;# 
    44  001C                     	;# 
    45  001D                     	;# 
    46  001E                     	;# 
    47  001F                     	;# 
    48  0081                     	;# 
    49  0085                     	;# 
    50  0086                     	;# 
    51  0087                     	;# 
    52  0088                     	;# 
    53  0089                     	;# 
    54  008C                     	;# 
    55  008D                     	;# 
    56  008E                     	;# 
    57  0091                     	;# 
    58  0092                     	;# 
    59  0093                     	;# 
    60  0094                     	;# 
    61  0098                     	;# 
    62  0099                     	;# 
    63  009C                     	;# 
    64  009D                     	;# 
    65  009E                     	;# 
    66  009F                     	;# 
    67  010C                     	;# 
    68  010D                     	;# 
    69  010E                     	;# 
    70  010F                     	;# 
    71  018C                     	;# 
    72  018D                     	;# 
    73  000B                     _INTCON	set	11
    74  0010                     _T1CON	set	16
    75  000F                     _TMR1H	set	15
    76  000E                     _TMR1L	set	14
    77  0040                     _RD0	set	64
    78  0060                     _TMR1IF	set	96
    79  008C                     _PIE1	set	140
    80  0440                     _TRISD0	set	1088
    81                           
    82                           	psect	text0
    83  0000                     __ptext0:	
    84                           ; #config settings
    85                           
    86                           
    87                           	psect	cinit
    88  0015                     start_initialization:	
    89                           ;psect for function _timer_isr
    90                           
    91  0015                     __initialization:	
    92                           
    93                           ; Clear objects allocated to COMMON
    94  0015  01F4               	clrf	__pbssCOMMON& (0+127)
    95  0016  01F5               	clrf	(__pbssCOMMON+1)& (0+127)
    96  0017                     end_of_initialization:	
    97                           ;End of C runtime variable initialization code
    98                           
    99  0017                     __end_of__initialization:	
   100  0017  0183               	clrf	3
   101  0018  120A  118A  281B   	ljmp	_main	;jump to C main() function
   102                           
   103                           	psect	bssCOMMON
   104  0074                     __pbssCOMMON:	
   105  0074                     _timer_flag:	
   106  0074                     	ds	2
   107                           
   108                           	psect	cstackCOMMON
   109  0070                     __pcstackCOMMON:	
   110  0070                     ?_timer_init:	
   111  0070                     ?_main:	
   112                           ; 0 bytes @ 0x0
   113                           
   114  0070                     ?_timer_isr:	
   115                           ; 0 bytes @ 0x0
   116                           
   117  0070                     ??_timer_isr:	
   118                           ; 0 bytes @ 0x0
   119                           
   120                           
   121                           ; 0 bytes @ 0x0
   122  0070                     	ds	4
   123  0074                     ??_timer_init:	
   124  0074                     ??_main:	
   125                           ; 0 bytes @ 0x4
   126                           
   127                           
   128                           	psect	maintext
   129  001B                     __pmaintext:	
   130                           ; 0 bytes @ 0x4
   131 ;;
   132 ;;Main: autosize = 0, tempsize = 0, incstack = 0, save=0
   133 ;;
   134 ;; *************** function _main *****************
   135 ;; Defined at:
   136 ;;		line 16 in file "timer.c"
   137 ;; Parameters:    Size  Location     Type
   138 ;;		None
   139 ;; Auto vars:     Size  Location     Type
   140 ;;		None
   141 ;; Return value:  Size  Location     Type
   142 ;;		None               void
   143 ;; Registers used:
   144 ;;		wreg, status,2, status,0, pclath, cstack
   145 ;; Tracked objects:
   146 ;;		On entry : 17F/0
   147 ;;		On exit  : 0/0
   148 ;;		Unchanged: 0/0
   149 ;; Data sizes:     COMMON   BANK0   BANK1   BANK3   BANK2
   150 ;;      Params:         0       0       0       0       0
   151 ;;      Locals:         0       0       0       0       0
   152 ;;      Temps:          0       0       0       0       0
   153 ;;      Totals:         0       0       0       0       0
   154 ;;Total ram usage:        0 bytes
   155 ;; Hardware stack levels required when called:    2
   156 ;; This function calls:
   157 ;;		_timer_init
   158 ;; This function is called by:
   159 ;;		Startup code after reset
   160 ;; This function uses a non-reentrant model
   161 ;;
   162                           
   163                           
   164                           ;psect for function _main
   165  001B                     _main:	
   166                           
   167                           ;timer.c: 18: TRISD0=0;
   168                           
   169                           ;incstack = 0
   170                           ; Regs used in _main: [wreg+status,2+status,0+pclath+cstack]
   171  001B  1683               	bsf	3,5	;RP0=1, select bank1
   172  001C  1303               	bcf	3,6	;RP1=0, select bank1
   173  001D  1008               	bcf	8,0	;volatile
   174                           
   175                           ;timer.c: 19: RD0=0;
   176  001E  1283               	bcf	3,5	;RP0=0, select bank0
   177  001F  1303               	bcf	3,6	;RP1=0, select bank0
   178  0020  1008               	bcf	8,0	;volatile
   179                           
   180                           ;timer.c: 20: timer_init();
   181  0021  120A  118A  2047  120A  118A  	fcall	_timer_init
   182  0026                     l497:	
   183                           ;timer.c: 21: while(1)
   184                           
   185                           
   186                           ;timer.c: 22: {
   187                           ;timer.c: 23: if(timer_flag)
   188  0026  0875               	movf	_timer_flag+1,w
   189  0027  0474               	iorwf	_timer_flag,w
   190  0028  1903               	skipnz
   191  0029  2826               	goto	l497
   192                           
   193                           ;timer.c: 24: {
   194                           ;timer.c: 25: timer_flag=0;
   195  002A  01F4               	clrf	_timer_flag
   196  002B  01F5               	clrf	_timer_flag+1
   197                           
   198                           ;timer.c: 26: RD0=~RD0;
   199  002C  3001               	movlw	1
   200  002D  1283               	bcf	3,5	;RP0=0, select bank0
   201  002E  1303               	bcf	3,6	;RP1=0, select bank0
   202  002F  0688               	xorwf	8,f
   203  0030  2826               	goto	l497
   204  0031                     __end_of_main:	
   205                           
   206                           	psect	text1
   207  0047                     __ptext1:	
   208 ;; *************** function _timer_init *****************
   209 ;; Defined at:
   210 ;;		line 35 in file "timer.c"
   211 ;; Parameters:    Size  Location     Type
   212 ;;		None
   213 ;; Auto vars:     Size  Location     Type
   214 ;;		None
   215 ;; Return value:  Size  Location     Type
   216 ;;		None               void
   217 ;; Registers used:
   218 ;;		wreg
   219 ;; Tracked objects:
   220 ;;		On entry : 0/0
   221 ;;		On exit  : 0/0
   222 ;;		Unchanged: 0/0
   223 ;; Data sizes:     COMMON   BANK0   BANK1   BANK3   BANK2
   224 ;;      Params:         0       0       0       0       0
   225 ;;      Locals:         0       0       0       0       0
   226 ;;      Temps:          0       0       0       0       0
   227 ;;      Totals:         0       0       0       0       0
   228 ;;Total ram usage:        0 bytes
   229 ;; Hardware stack levels used:    1
   230 ;; Hardware stack levels required when called:    1
   231 ;; This function calls:
   232 ;;		Nothing
   233 ;; This function is called by:
   234 ;;		_main
   235 ;; This function uses a non-reentrant model
   236 ;;
   237                           
   238                           
   239                           ;psect for function _timer_init
   240  0047                     _timer_init:	
   241                           
   242                           ;timer.c: 37: T1CON=0x31;
   243                           
   244                           ;incstack = 0
   245                           ; Regs used in _timer_init: [wreg]
   246  0047  3031               	movlw	49
   247  0048  1283               	bcf	3,5	;RP0=0, select bank0
   248  0049  1303               	bcf	3,6	;RP1=0, select bank0
   249  004A  0090               	movwf	16	;volatile
   250                           
   251                           ;timer.c: 38: TMR1H=0x0B;
   252  004B  300B               	movlw	11
   253  004C  008F               	movwf	15	;volatile
   254                           
   255                           ;timer.c: 39: TMR1L=0xDC;
   256  004D  30DC               	movlw	220
   257  004E  008E               	movwf	14	;volatile
   258                           
   259                           ;timer.c: 40: INTCON=0xC0;
   260  004F  30C0               	movlw	192
   261  0050  008B               	movwf	11	;volatile
   262                           
   263                           ;timer.c: 41: PIE1=0x01;
   264  0051  3001               	movlw	1
   265  0052  1683               	bsf	3,5	;RP0=1, select bank1
   266  0053  1303               	bcf	3,6	;RP1=0, select bank1
   267  0054  008C               	movwf	12	;volatile
   268  0055  0008               	return
   269  0056                     __end_of_timer_init:	
   270                           
   271                           	psect	text2
   272  0031                     __ptext2:	
   273 ;; *************** function _timer_isr *****************
   274 ;; Defined at:
   275 ;;		line 44 in file "timer.c"
   276 ;; Parameters:    Size  Location     Type
   277 ;;		None
   278 ;; Auto vars:     Size  Location     Type
   279 ;;		None
   280 ;; Return value:  Size  Location     Type
   281 ;;		None               void
   282 ;; Registers used:
   283 ;;		wreg
   284 ;; Tracked objects:
   285 ;;		On entry : 0/0
   286 ;;		On exit  : 0/0
   287 ;;		Unchanged: 0/0
   288 ;; Data sizes:     COMMON   BANK0   BANK1   BANK3   BANK2
   289 ;;      Params:         0       0       0       0       0
   290 ;;      Locals:         0       0       0       0       0
   291 ;;      Temps:          4       0       0       0       0
   292 ;;      Totals:         4       0       0       0       0
   293 ;;Total ram usage:        4 bytes
   294 ;; Hardware stack levels used:    1
   295 ;; This function calls:
   296 ;;		Nothing
   297 ;; This function is called by:
   298 ;;		Interrupt level 1
   299 ;; This function uses a non-reentrant model
   300 ;;
   301                           
   302                           
   303                           ;psect for function _timer_isr
   304  0031                     _timer_isr:	
   305                           
   306                           ;timer.c: 46: if(TMR1IF)
   307  0031  1C0C               	btfss	12,0	;volatile
   308  0032  283C               	goto	i1l34
   309                           
   310                           ;timer.c: 47: {
   311                           ;timer.c: 48: TMR1IF=0;
   312  0033  100C               	bcf	12,0	;volatile
   313                           
   314                           ;timer.c: 49: TMR1H=0x0B;
   315  0034  300B               	movlw	11
   316  0035  008F               	movwf	15	;volatile
   317                           
   318                           ;timer.c: 50: TMR1L=0xDC;
   319  0036  30DC               	movlw	220
   320  0037  008E               	movwf	14	;volatile
   321                           
   322                           ;timer.c: 51: timer_flag=1;
   323  0038  3001               	movlw	1
   324  0039  00F4               	movwf	_timer_flag
   325  003A  3000               	movlw	0
   326  003B  00F5               	movwf	_timer_flag+1
   327  003C                     i1l34:	
   328  003C  0873               	movf	??_timer_isr+3,w
   329  003D  00FF               	movwf	127
   330  003E  0872               	movf	??_timer_isr+2,w
   331  003F  008A               	movwf	10
   332  0040  0871               	movf	??_timer_isr+1,w
   333  0041  0084               	movwf	4
   334  0042  0E70               	swapf	??_timer_isr^(0+-128),w
   335  0043  0083               	movwf	3
   336  0044  0EFE               	swapf	126,f
   337  0045  0E7E               	swapf	126,w
   338  0046  0009               	retfie
   339  0047                     __end_of_timer_isr:	
   340  007E                     btemp	set	126	;btemp
   341  007E                     wtemp	set	126
   342  007E                     wtemp0	set	126
   343  0080                     wtemp1	set	128
   344  0082                     wtemp2	set	130
   345  0084                     wtemp3	set	132
   346  0086                     wtemp4	set	134
   347  0088                     wtemp5	set	136
   348  007F                     wtemp6	set	127
   349  007E                     ttemp	set	126
   350  007E                     ttemp0	set	126
   351  0081                     ttemp1	set	129
   352  0084                     ttemp2	set	132
   353  0087                     ttemp3	set	135
   354  007F                     ttemp4	set	127
   355  007E                     ltemp	set	126
   356  007E                     ltemp0	set	126
   357  0082                     ltemp1	set	130
   358  0086                     ltemp2	set	134
   359  0080                     ltemp3	set	128
   360                           
   361                           	psect	intentry
   362  0004                     __pintentry:	
   363                           ;incstack = 0
   364                           ; Regs used in _timer_isr: [wreg]
   365                           
   366  0004                     interrupt_function:	
   367  007E                     saved_w	set	btemp
   368  0004  00FE               	movwf	btemp
   369  0005  0E03               	swapf	3,w
   370  0006  00F0               	movwf	??_timer_isr
   371  0007  0804               	movf	4,w
   372  0008  00F1               	movwf	??_timer_isr+1
   373  0009  080A               	movf	10,w
   374  000A  00F2               	movwf	??_timer_isr+2
   375  000B  1283               	bcf	3,5	;RP0=0, select bank0
   376  000C  1303               	bcf	3,6	;RP1=0, select bank0
   377  000D  087F               	movf	btemp+1,w
   378  000E  00F3               	movwf	??_timer_isr+3
   379  000F  120A  118A  2831   	ljmp	_timer_isr


Data Sizes:
    Strings     0
    Constant    0
    Data        0
    BSS         2
    Persistent  0
    Stack       0

Auto Spaces:
    Space          Size  Autos    Used
    COMMON           14      4       6
    BANK0            80      0       0
    BANK1            80      0       0
    BANK3            96      0       0
    BANK2            96      0       0

Pointer List with Targets:

    None.

Critical Paths under _main in COMMON

    None.

Critical Paths under _timer_isr in COMMON

    None.

Critical Paths under _main in BANK0

    None.

Critical Paths under _timer_isr in BANK0

    None.

Critical Paths under _main in BANK1

    None.

Critical Paths under _timer_isr in BANK1

    None.

Critical Paths under _main in BANK3

    None.

Critical Paths under _timer_isr in BANK3

    None.

Critical Paths under _main in BANK2

    None.

Critical Paths under _timer_isr in BANK2

    None.

Call Graph Tables:

 ---------------------------------------------------------------------------------
 (Depth) Function   	        Calls       Base Space   Used Autos Params    Refs
 ---------------------------------------------------------------------------------
 (0) _main                                                 0     0      0       0
                         _timer_init
 ---------------------------------------------------------------------------------
 (1) _timer_init                                           0     0      0       0
 ---------------------------------------------------------------------------------
 Estimated maximum stack depth 1
 ---------------------------------------------------------------------------------
 (Depth) Function   	        Calls       Base Space   Used Autos Params    Refs
 ---------------------------------------------------------------------------------
 (2) _timer_isr                                            4     4      0       0
                                              0 COMMON     4     4      0
 ---------------------------------------------------------------------------------
 Estimated maximum stack depth 2
 ---------------------------------------------------------------------------------

 Call Graph Graphs:

 _main (ROOT)
   _timer_init

 _timer_isr (ROOT)

 Address spaces:
Name               Size   Autos  Total    Cost      Usage
BITCOMMON            E      0       0       0        0.0%
EEDATA             100      0       0       0        0.0%
NULL                 0      0       0       0        0.0%
CODE                 0      0       0       0        0.0%
COMMON               E      4       6       1       42.9%
BITSFR0              0      0       0       1        0.0%
SFR0                 0      0       0       1        0.0%
BITSFR1              0      0       0       2        0.0%
SFR1                 0      0       0       2        0.0%
STACK                0      0       0       2        0.0%
ABS                  0      0       6       3        0.0%
BITBANK0            50      0       0       4        0.0%
BITSFR3              0      0       0       4        0.0%
SFR3                 0      0       0       4        0.0%
BANK0               50      0       0       5        0.0%
BITSFR2              0      0       0       5        0.0%
SFR2                 0      0       0       5        0.0%
BITBANK1            50      0       0       6        0.0%
BANK1               50      0       0       7        0.0%
BITBANK3            60      0       0       8        0.0%
BANK3               60      0       0       9        0.0%
BITBANK2            60      0       0      10        0.0%
BANK2               60      0       0      11        0.0%
DATA                 0      0       6      12        0.0%


Microchip Technology PIC Macro Assembler V1.32 build 58300 
Symbol Table                                                                                   Sat Apr 22 22:14:26 2017

                    l497 0026                      _RD0 0040                      fsr0 0004  
                   _PIE1 008C                     i1l34 003C                     _main 001B  
                   btemp 007E                     ltemp 007E                     start 0012  
                   ttemp 007E                     wtemp 007E                    ?_main 0070  
                  _T1CON 0010                    _TMR1H 000F                    _TMR1L 000E  
                  pclath 000A                    ltemp0 007E                    ltemp1 0082  
                  ltemp2 0086                    ltemp3 0080                    ttemp0 007E  
                  ttemp1 0081                    ttemp2 0084                    ttemp3 0087  
                  ttemp4 007F                    status 0003                    wtemp0 007E  
                  wtemp1 0080                    wtemp2 0082                    wtemp3 0084  
                  wtemp4 0086                    wtemp5 0088                    wtemp6 007F  
        __initialization 0015             __end_of_main 0031                   ??_main 0074  
                 _INTCON 000B                   _TMR1IF 0060                   _TRISD0 0440  
                 saved_w 007E  __end_of__initialization 0017           __pcstackCOMMON 0070  
             __pmaintext 001B               __pintentry 0004       __size_of_timer_isr 0016  
                __ptext0 0000                  __ptext1 0047                  __ptext2 0031  
   end_of_initialization 0017        __end_of_timer_isr 0047               _timer_flag 0074  
             _timer_init 0047      start_initialization 0015              ?_timer_init 0070  
            __pbssCOMMON 0074                ___latbits 0002        interrupt_function 0004  
    __size_of_timer_init 000F                _timer_isr 0031               ?_timer_isr 0070  
          __size_of_main 0016             ??_timer_init 0074                 intlevel1 0000  
     __end_of_timer_init 0056              ??_timer_isr 0070  
