

Microchip Technology PIC18 LITE Macro Assembler V1.32 build 58300 
                                                                                               Sat Apr 29 23:37:06 2017

Microchip Technology Omniscient Code Generator (Lite mode) build 58300
     1                           	processor	18F4520
     2                           	fnconf	rparam,??,?,0
     3                           	opt	pw 120
     4                           	opt	lm
     5                           	psect	intcode_body,global,reloc=2,class=CODE,delta=1
     6                           	psect	cinit,global,reloc=2,class=CODE,delta=1
     7                           	psect	bssCOMRAM,global,class=COMRAM,space=1,delta=1
     8                           	psect	cstackCOMRAM,global,class=COMRAM,space=1,delta=1
     9                           	psect	text0,global,reloc=2,class=CODE,delta=1
    10                           	psect	text1,global,reloc=2,class=CODE,delta=1
    11                           	psect	intcode,global,reloc=2,class=CODE,delta=1
    12                           	psect	intsave_regs,global,class=BIGRAM,space=1,delta=1
    13                           	psect	rparam,global,class=COMRAM,space=1,delta=1
    14  0000                     _INTCON	set	4082
    15  0000                     _IPR1	set	3999
    16  0000                     _PIE1	set	3997
    17  0000                     _PORTC	set	3970
    18  0000                     _T1CON	set	4045
    19  0000                     _TMR1H	set	4047
    20  0000                     _TMR1L	set	4046
    21  0000                     _TRISC	set	3988
    22  0000                     _TMR1IF	set	31984
    23                           
    24                           	psect	intcode_body
    25  00001C                     __pintcode_body:
    26                           	opt stack 0
    27                           
    28                           ; #config settings
    29  00001C                     int_func:
    30                           	opt stack 28
    31  00001C  0006               	pop		; remove dummy address from shadow register refresh
    32  00001E  CFEA F004          	movff	fsr0h,??_timer_isr+3
    33  000022  CFE1 F005          	movff	fsr1l,??_timer_isr+4
    34  000026  CFE2 F006          	movff	fsr1h,??_timer_isr+5
    35  00002A  CFD9 F007          	movff	fsr2l,??_timer_isr+6
    36  00002E  CFDA F008          	movff	fsr2h,??_timer_isr+7
    37  000032  CFF3 F009          	movff	prodl,??_timer_isr+8
    38  000036  CFF4 F00A          	movff	prodh,??_timer_isr+9
    39  00003A  CFF6 F00B          	movff	tblptrl,??_timer_isr+10
    40  00003E  CFF7 F00C          	movff	tblptrh,??_timer_isr+11
    41  000042  CFF8 F00D          	movff	tblptru,??_timer_isr+12
    42  000046  CFF5 F00E          	movff	tablat,??_timer_isr+13
    43                           
    44                           ;timer.c: 51: if(TMR1IF)
    45  00004A  A09E               	btfss	3998,0,c	;volatile
    46  00004C  D009               	goto	i2l36
    47                           
    48                           ;timer.c: 52: {
    49                           ;timer.c: 53: TMR1IF=0;
    50  00004E  909E               	bcf	3998,0,c	;volatile
    51                           
    52                           ;timer.c: 54: TMR1H=0x0B;
    53  000050  0E0B               	movlw	11
    54  000052  6ECF               	movwf	4047,c	;volatile
    55                           
    56                           ;timer.c: 55: TMR1L=0xDC;
    57  000054  0EDC               	movlw	220
    58  000056  6ECE               	movwf	4046,c	;volatile
    59                           
    60                           ;timer.c: 56: timer_flag=1;
    61  000058  0E00               	movlw	0
    62  00005A  6E10               	movwf	_timer_flag+1,c
    63  00005C  0E01               	movlw	1
    64  00005E  6E0F               	movwf	_timer_flag,c
    65  000060                     i2l36:
    66  000060  C00E  FFF5         	movff	??_timer_isr+13,tablat
    67  000064  C00D  FFF8         	movff	??_timer_isr+12,tblptru
    68  000068  C00C  FFF7         	movff	??_timer_isr+11,tblptrh
    69  00006C  C00B  FFF6         	movff	??_timer_isr+10,tblptrl
    70  000070  C00A  FFF4         	movff	??_timer_isr+9,prodh
    71  000074  C009  FFF3         	movff	??_timer_isr+8,prodl
    72  000078  C008  FFDA         	movff	??_timer_isr+7,fsr2h
    73  00007C  C007  FFD9         	movff	??_timer_isr+6,fsr2l
    74  000080  C006  FFE2         	movff	??_timer_isr+5,fsr1h
    75  000084  C005  FFE1         	movff	??_timer_isr+4,fsr1l
    76  000088  C004  FFEA         	movff	??_timer_isr+3,fsr0h
    77  00008C  C003  FFE9         	movff	??_timer_isr+2,fsr0l
    78  000090  C002  FFFB         	movff	??_timer_isr+1,pclatu
    79  000094  C001  FFFA         	movff	??_timer_isr,pclath
    80  000098  0011               	retfie		f
    81  00009A                     __end_of_timer_isr:
    82                           	opt stack 0
    83  0000                     pclatu	equ	0xFFB
    84                           pclath	equ	0xFFA
    85                           tblptru	equ	0xFF8
    86                           tblptrh	equ	0xFF7
    87                           tblptrl	equ	0xFF6
    88                           tablat	equ	0xFF5
    89                           prodh	equ	0xFF4
    90                           prodl	equ	0xFF3
    91                           fsr0h	equ	0xFEA
    92                           fsr0l	equ	0xFE9
    93                           fsr1h	equ	0xFE2
    94                           fsr1l	equ	0xFE1
    95                           fsr2h	equ	0xFDA
    96                           fsr2l	equ	0xFD9
    97                           
    98                           	psect	cinit
    99  0000D2                     __pcinit:
   100                           	opt stack 0
   101  0000D2                     start_initialization:
   102                           	opt stack 0
   103  0000D2                     __initialization:
   104                           	opt stack 0
   105                           
   106                           ; Clear objects allocated to COMRAM (2 bytes)
   107  0000D2  6A10               	clrf	(__pbssCOMRAM+1)& (0+255),c
   108  0000D4  6A0F               	clrf	__pbssCOMRAM& (0+255),c
   109  0000D6                     end_of_initialization:
   110                           	opt stack 0
   111  0000D6                     __end_of__initialization:
   112                           	opt stack 0
   113  0000D6  0100               	movlb	0
   114  0000D8  EF4D  F000         	goto	_main	;jump to C main() function
   115                           pclatu	equ	0xFFB
   116                           pclath	equ	0xFFA
   117                           tblptru	equ	0xFF8
   118                           tblptrh	equ	0xFF7
   119                           tblptrl	equ	0xFF6
   120                           tablat	equ	0xFF5
   121                           prodh	equ	0xFF4
   122                           prodl	equ	0xFF3
   123                           fsr0h	equ	0xFEA
   124                           fsr0l	equ	0xFE9
   125                           fsr1h	equ	0xFE2
   126                           fsr1l	equ	0xFE1
   127                           fsr2h	equ	0xFDA
   128                           fsr2l	equ	0xFD9
   129                           
   130                           	psect	bssCOMRAM
   131  00000F                     __pbssCOMRAM:
   132                           	opt stack 0
   133  00000F                     _timer_flag:
   134                           	opt stack 0
   135  00000F                     	ds	2
   136                           pclatu	equ	0xFFB
   137                           pclath	equ	0xFFA
   138                           tblptru	equ	0xFF8
   139                           tblptrh	equ	0xFF7
   140                           tblptrl	equ	0xFF6
   141                           tablat	equ	0xFF5
   142                           prodh	equ	0xFF4
   143                           prodl	equ	0xFF3
   144                           fsr0h	equ	0xFEA
   145                           fsr0l	equ	0xFE9
   146                           fsr1h	equ	0xFE2
   147                           fsr1l	equ	0xFE1
   148                           fsr2h	equ	0xFDA
   149                           fsr2l	equ	0xFD9
   150                           
   151                           	psect	cstackCOMRAM
   152  000001                     __pcstackCOMRAM:
   153                           	opt stack 0
   154  000001                     ??_timer_isr:
   155                           
   156                           ; 0 bytes @ 0x0
   157  000001                     	ds	14
   158  00000F                     pclatu	equ	0xFFB
   159                           pclath	equ	0xFFA
   160                           tblptru	equ	0xFF8
   161                           tblptrh	equ	0xFF7
   162                           tblptrl	equ	0xFF6
   163                           tablat	equ	0xFF5
   164                           prodh	equ	0xFF4
   165                           prodl	equ	0xFF3
   166                           fsr0h	equ	0xFEA
   167                           fsr0l	equ	0xFE9
   168                           fsr1h	equ	0xFE2
   169                           fsr1l	equ	0xFE1
   170                           fsr2h	equ	0xFDA
   171                           fsr2l	equ	0xFD9
   172                           
   173                           ; 0 bytes @ 0xE
   174 ;;
   175 ;;Main: autosize = 0, tempsize = 0, incstack = 0, save=0
   176 ;;
   177 ;; *************** function _main *****************
   178 ;; Defined at:
   179 ;;		line 20 in file "../Timer.X/timer.c"
   180 ;; Parameters:    Size  Location     Type
   181 ;;		None
   182 ;; Auto vars:     Size  Location     Type
   183 ;;		None
   184 ;; Return value:  Size  Location     Type
   185 ;;		None               void
   186 ;; Registers used:
   187 ;;		wreg, status,2, status,0, cstack
   188 ;; Tracked objects:
   189 ;;		On entry : 0/0
   190 ;;		On exit  : 0/0
   191 ;;		Unchanged: 0/0
   192 ;; Data sizes:     COMRAM   BANK0   BANK1   BANK2   BANK3   BANK4   BANK5
   193 ;;      Params:         0       0       0       0       0       0       0
   194 ;;      Locals:         0       0       0       0       0       0       0
   195 ;;      Temps:          0       0       0       0       0       0       0
   196 ;;      Totals:         0       0       0       0       0       0       0
   197 ;;Total ram usage:        0 bytes
   198 ;; Hardware stack levels required when called:    2
   199 ;; This function calls:
   200 ;;		_timer_init
   201 ;; This function is called by:
   202 ;;		Startup code after reset
   203 ;; This function uses a non-reentrant model
   204 ;;
   205                           
   206                           	psect	text0
   207  00009A                     __ptext0:
   208                           	opt stack 0
   209  00009A                     _main:
   210                           	opt stack 28
   211                           
   212                           ;timer.c: 22: TRISC=0;
   213                           
   214                           ;incstack = 0
   215  00009A  0E00               	movlw	0
   216  00009C  6E94               	movwf	3988,c	;volatile
   217                           
   218                           ;timer.c: 23: PORTC=0XFF;
   219  00009E  6882               	setf	3970,c	;volatile
   220                           
   221                           ;timer.c: 24: timer_init();
   222  0000A0  EC5C  F000         	call	_timer_init	;wreg free
   223  0000A4                     l620:
   224                           
   225                           ;timer.c: 26: {
   226                           ;timer.c: 27: if(timer_flag)
   227  0000A4  5010               	movf	_timer_flag+1,w,c
   228  0000A6  100F               	iorwf	_timer_flag,w,c
   229  0000A8  B4D8               	btfsc	status,2,c
   230  0000AA  D7FC               	goto	l620
   231                           
   232                           ;timer.c: 28: {
   233                           ;timer.c: 29: timer_flag=0;
   234  0000AC  0E00               	movlw	0
   235  0000AE  6E10               	movwf	_timer_flag+1,c
   236  0000B0  0E00               	movlw	0
   237  0000B2  6E0F               	movwf	_timer_flag,c
   238                           
   239                           ;timer.c: 30: PORTC=~PORTC;
   240  0000B4  1E82               	comf	3970,f,c	;volatile
   241  0000B6  D7F6               	goto	l620
   242  0000B8                     __end_of_main:
   243                           	opt stack 0
   244                           pclatu	equ	0xFFB
   245                           pclath	equ	0xFFA
   246                           tblptru	equ	0xFF8
   247                           tblptrh	equ	0xFF7
   248                           tblptrl	equ	0xFF6
   249                           tablat	equ	0xFF5
   250                           prodh	equ	0xFF4
   251                           prodl	equ	0xFF3
   252                           fsr0h	equ	0xFEA
   253                           fsr0l	equ	0xFE9
   254                           fsr1h	equ	0xFE2
   255                           fsr1l	equ	0xFE1
   256                           fsr2h	equ	0xFDA
   257                           fsr2l	equ	0xFD9
   258                           status	equ	0xFD8
   259                           
   260 ;; *************** function _timer_init *****************
   261 ;; Defined at:
   262 ;;		line 39 in file "../Timer.X/timer.c"
   263 ;; Parameters:    Size  Location     Type
   264 ;;		None
   265 ;; Auto vars:     Size  Location     Type
   266 ;;		None
   267 ;; Return value:  Size  Location     Type
   268 ;;		None               void
   269 ;; Registers used:
   270 ;;		wreg, status,2
   271 ;; Tracked objects:
   272 ;;		On entry : 0/0
   273 ;;		On exit  : 0/0
   274 ;;		Unchanged: 0/0
   275 ;; Data sizes:     COMRAM   BANK0   BANK1   BANK2   BANK3   BANK4   BANK5
   276 ;;      Params:         0       0       0       0       0       0       0
   277 ;;      Locals:         0       0       0       0       0       0       0
   278 ;;      Temps:          0       0       0       0       0       0       0
   279 ;;      Totals:         0       0       0       0       0       0       0
   280 ;;Total ram usage:        0 bytes
   281 ;; Hardware stack levels used:    1
   282 ;; Hardware stack levels required when called:    1
   283 ;; This function calls:
   284 ;;		Nothing
   285 ;; This function is called by:
   286 ;;		_main
   287 ;; This function uses a non-reentrant model
   288 ;;
   289                           
   290                           	psect	text1
   291  0000B8                     __ptext1:
   292                           	opt stack 0
   293  0000B8                     _timer_init:
   294                           	opt stack 28
   295                           
   296                           ;timer.c: 41: T1CON=0xB1;
   297                           
   298                           ;incstack = 0
   299  0000B8  0EB1               	movlw	177
   300  0000BA  6ECD               	movwf	4045,c	;volatile
   301                           
   302                           ;timer.c: 42: TMR1H=0x0B;
   303  0000BC  0E0B               	movlw	11
   304  0000BE  6ECF               	movwf	4047,c	;volatile
   305                           
   306                           ;timer.c: 43: TMR1L=0xDC;
   307  0000C0  0EDC               	movlw	220
   308  0000C2  6ECE               	movwf	4046,c	;volatile
   309                           
   310                           ;timer.c: 44: INTCON=0xC0;
   311  0000C4  0EC0               	movlw	192
   312  0000C6  6EF2               	movwf	intcon,c	;volatile
   313                           
   314                           ;timer.c: 45: PIE1=0x01;
   315  0000C8  0E01               	movlw	1
   316  0000CA  6E9D               	movwf	3997,c	;volatile
   317                           
   318                           ;timer.c: 46: IPR1=0x01;
   319  0000CC  0E01               	movlw	1
   320  0000CE  6E9F               	movwf	3999,c	;volatile
   321  0000D0  0012               	return	
   322  0000D2                     __end_of_timer_init:
   323                           	opt stack 0
   324                           pclatu	equ	0xFFB
   325                           pclath	equ	0xFFA
   326                           tblptru	equ	0xFF8
   327                           tblptrh	equ	0xFF7
   328                           tblptrl	equ	0xFF6
   329                           tablat	equ	0xFF5
   330                           prodh	equ	0xFF4
   331                           prodl	equ	0xFF3
   332                           intcon	equ	0xFF2
   333                           fsr0h	equ	0xFEA
   334                           fsr0l	equ	0xFE9
   335                           fsr1h	equ	0xFE2
   336                           fsr1l	equ	0xFE1
   337                           fsr2h	equ	0xFDA
   338                           fsr2l	equ	0xFD9
   339                           status	equ	0xFD8
   340                           
   341 ;; *************** function _timer_isr *****************
   342 ;; Defined at:
   343 ;;		line 49 in file "../Timer.X/timer.c"
   344 ;; Parameters:    Size  Location     Type
   345 ;;		None
   346 ;; Auto vars:     Size  Location     Type
   347 ;;		None
   348 ;; Return value:  Size  Location     Type
   349 ;;		None               void
   350 ;; Registers used:
   351 ;;		wreg, status,2
   352 ;; Tracked objects:
   353 ;;		On entry : 0/0
   354 ;;		On exit  : 0/0
   355 ;;		Unchanged: 0/0
   356 ;; Data sizes:     COMRAM   BANK0   BANK1   BANK2   BANK3   BANK4   BANK5
   357 ;;      Params:         0       0       0       0       0       0       0
   358 ;;      Locals:         0       0       0       0       0       0       0
   359 ;;      Temps:         14       0       0       0       0       0       0
   360 ;;      Totals:        14       0       0       0       0       0       0
   361 ;;Total ram usage:       14 bytes
   362 ;; Hardware stack levels used:    1
   363 ;; This function calls:
   364 ;;		Nothing
   365 ;; This function is called by:
   366 ;;		Interrupt level 2
   367 ;; This function uses a non-reentrant model
   368 ;;
   369                           
   370                           	psect	intcode
   371  000008                     __pintcode:
   372                           	opt stack 0
   373  000008                     _timer_isr:
   374                           	opt stack 28
   375                           
   376                           ;incstack = 0
   377  000008  CFFA F001          	movff	pclath,??_timer_isr
   378  00000C  CFFB F002          	movff	pclatu,??_timer_isr+1
   379  000010  CFE9 F003          	movff	fsr0l,??_timer_isr+2
   380  000014  ED0E  F000         	call	int_func,f	;refresh shadow registers
   381                           pclatu	equ	0xFFB
   382                           pclath	equ	0xFFA
   383                           tblptru	equ	0xFF8
   384                           tblptrh	equ	0xFF7
   385                           tblptrl	equ	0xFF6
   386                           tablat	equ	0xFF5
   387                           prodh	equ	0xFF4
   388                           prodl	equ	0xFF3
   389                           intcon	equ	0xFF2
   390                           fsr0h	equ	0xFEA
   391                           fsr0l	equ	0xFE9
   392                           fsr1h	equ	0xFE2
   393                           fsr1l	equ	0xFE1
   394                           fsr2h	equ	0xFDA
   395                           fsr2l	equ	0xFD9
   396                           status	equ	0xFD8
   397                           pclatu	equ	0xFFB
   398                           pclath	equ	0xFFA
   399                           tblptru	equ	0xFF8
   400                           tblptrh	equ	0xFF7
   401                           tblptrl	equ	0xFF6
   402                           tablat	equ	0xFF5
   403                           prodh	equ	0xFF4
   404                           prodl	equ	0xFF3
   405                           intcon	equ	0xFF2
   406                           fsr0h	equ	0xFEA
   407                           fsr0l	equ	0xFE9
   408                           fsr1h	equ	0xFE2
   409                           fsr1l	equ	0xFE1
   410                           fsr2h	equ	0xFDA
   411                           fsr2l	equ	0xFD9
   412                           status	equ	0xFD8
   413                           
   414                           	psect	rparam
   415  0000                     pclatu	equ	0xFFB
   416                           pclath	equ	0xFFA
   417                           tblptru	equ	0xFF8
   418                           tblptrh	equ	0xFF7
   419                           tblptrl	equ	0xFF6
   420                           tablat	equ	0xFF5
   421                           prodh	equ	0xFF4
   422                           prodl	equ	0xFF3
   423                           intcon	equ	0xFF2
   424                           fsr0h	equ	0xFEA
   425                           fsr0l	equ	0xFE9
   426                           fsr1h	equ	0xFE2
   427                           fsr1l	equ	0xFE1
   428                           fsr2h	equ	0xFDA
   429                           fsr2l	equ	0xFD9
   430                           status	equ	0xFD8


Data Sizes:
    Strings     0
    Constant    0
    Data        0
    BSS         2
    Persistent  0
    Stack       0

Auto Spaces:
    Space          Size  Autos    Used
    COMRAM          127     14      16
    BANK0           128      0       0
    BANK1           256      0       0
    BANK2           256      0       0
    BANK3           256      0       0
    BANK4           256      0       0
    BANK5           239      0       0

Pointer List with Targets:

    None.

Critical Paths under _main in COMRAM

    None.

Critical Paths under _timer_isr in COMRAM

    None.

Critical Paths under _main in BANK0

    None.

Critical Paths under _timer_isr in BANK0

    None.

Critical Paths under _main in BANK1

    None.

Critical Paths under _timer_isr in BANK1

    None.

Critical Paths under _main in BANK2

    None.

Critical Paths under _timer_isr in BANK2

    None.

Critical Paths under _main in BANK3

    None.

Critical Paths under _timer_isr in BANK3

    None.

Critical Paths under _main in BANK4

    None.

Critical Paths under _timer_isr in BANK4

    None.

Critical Paths under _main in BANK5

    None.

Critical Paths under _timer_isr in BANK5

    None.

Call Graph Tables:

 ---------------------------------------------------------------------------------
 (Depth) Function   	        Calls       Base Space   Used Autos Params    Refs
 ---------------------------------------------------------------------------------
 (0) _main                                                 0     0      0       0
                         _timer_init
 ---------------------------------------------------------------------------------
 (1) _timer_init                                           0     0      0       0
 ---------------------------------------------------------------------------------
 Estimated maximum stack depth 1
 ---------------------------------------------------------------------------------
 (Depth) Function   	        Calls       Base Space   Used Autos Params    Refs
 ---------------------------------------------------------------------------------
 (2) _timer_isr                                           14    14      0       0
                                              0 COMRAM    14    14      0
 ---------------------------------------------------------------------------------
 Estimated maximum stack depth 2
 ---------------------------------------------------------------------------------

 Call Graph Graphs:

 _main (ROOT)
   _timer_init

 _timer_isr (ROOT)

 Address spaces:
Name               Size   Autos  Total    Cost      Usage
BIGRAM             5EE      0       0      16        0.0%
EEDATA             100      0       0       0        0.0%
BITBANK4           100      0       0      11        0.0%
BANK4              100      0       0      12        0.0%
BITBANK3           100      0       0       9        0.0%
BANK3              100      0       0      10        0.0%
BITBANK2           100      0       0       7        0.0%
BANK2              100      0       0       8        0.0%
BITBANK1           100      0       0       5        0.0%
BANK1              100      0       0       6        0.0%
BITBANK5            EF      0       0      15        0.0%
BANK5               EF      0       0      13        0.0%
BITBANK0            80      0       0       3        0.0%
BANK0               80      0       0       4        0.0%
BITCOMRAM           7F      0       0       0        0.0%
COMRAM              7F      E      10       1       12.6%
BITSFR_5             0      0       0      40        0.0%
SFR_5                0      0       0      40        0.0%
BITSFR_4             0      0       0      40        0.0%
SFR_4                0      0       0      40        0.0%
BITSFR_3             0      0       0      40        0.0%
SFR_3                0      0       0      40        0.0%
BITSFR_2             0      0       0      40        0.0%
SFR_2                0      0       0      40        0.0%
BITSFR_1             0      0       0      40        0.0%
SFR_1                0      0       0      40        0.0%
BITSFR               0      0       0      40        0.0%
SFR                  0      0       0      40        0.0%
STACK                0      0       0       2        0.0%
NULL                 0      0       0       0        0.0%
ABS                  0      0      10      14        0.0%
DATA                 0      0      10      17        0.0%
CODE                 0      0       0       0        0.0%


Microchip Technology PIC18 Macro Assembler V1.32 build 58300 
Symbol Table                                                                                   Sat Apr 29 23:37:06 2017

            __CFG_BORV$0 000000                      l620 00A4             __CFG_LVP$OFF 000000  
           __CFG_WDT$OFF 000000            __CFG_DEBUG$ON 000000                     _IPR1 000F9F  
                   _PIE1 000F9D                     i2l36 0060             __CFG_WDTPS$1 000000  
           __CFG_PWRT$ON 000000                     _main 009A                     fsr0h 000FEA  
                   fsr1h 000FE2                     fsr0l 000FE9                     fsr2h 000FDA  
                   fsr1l 000FE1                     fsr2l 000FD9                     pclat 000FFA  
                   prodh 000FF4                     prodl 000FF3                     start 0018  
          __CFG_IESO$OFF 000000                    ?_main 0001                    _T1CON 000FCD  
                  _TMR1H 000FCF                    _TMR1L 000FCE                    _PORTC 000F82  
                  _TRISC 000F94           __CFG_FCMEN$OFF 000000           __CFG_BOREN$OFF 000000  
                  tablat 000FF5                    status 000FD8          __initialization 00D2  
           __end_of_main 00B8                   ??_main 000F            __activetblptr 000000  
                 _INTCON 000FF2                   _TMR1IF 007CF0           __CFG_XINST$OFF 000000  
                 tblptrh 000FF7                   tblptrl 000FF6                   tblptru 000FF8  
             __accesstop 0080  __end_of__initialization 00D6           __pcstackCOMRAM 0001  
     __size_of_timer_isr 0092                  __Hparam 0000                  __Lparam 0000  
        __CFG_STVREN$OFF 000000                  __pcinit 00D2                  __ramtop 0600  
                __ptext0 009A                  __ptext1 00B8           __pintcode_body 001C  
   end_of_initialization 00D6                  int_func 001C        __end_of_timer_isr 009A  
             _timer_flag 000F               _timer_init 00B8      start_initialization 00D2  
       __CFG_OSC$INTIO67 000000              ?_timer_init 0001              __pbssCOMRAM 000F  
              __pintcode 0008      __size_of_timer_init 001A                _timer_isr 0008  
               __Hrparam 0000                 __Lrparam 0000               ?_timer_isr 0001  
          __size_of_main 001E             ??_timer_init 000F                 intlevel2 0000  
     __end_of_timer_init 00D2              ??_timer_isr 0001  
